2018-08-07 10:27:22,632 0      [           main] DEBUG ache.ibatis.logging.LogFactory  - Logging initialized using 'class org.apache.ibatis.logging.log4j.Log4jImpl' adapter.
2018-08-07 10:27:22,772 140    [           main] DEBUG source.pooled.PooledDataSource  - PooledDataSource forcefully closed/removed all connections.
2018-08-07 10:27:22,772 140    [           main] DEBUG source.pooled.PooledDataSource  - PooledDataSource forcefully closed/removed all connections.
2018-08-07 10:27:22,772 140    [           main] DEBUG source.pooled.PooledDataSource  - PooledDataSource forcefully closed/removed all connections.
2018-08-07 10:27:22,772 140    [           main] DEBUG source.pooled.PooledDataSource  - PooledDataSource forcefully closed/removed all connections.
2018-08-07 10:27:22,864 232    [           main] DEBUG ansaction.jdbc.JdbcTransaction  - Opening JDBC Connection
2018-08-07 10:27:23,160 528    [           main] DEBUG source.pooled.PooledDataSource  - Created connection 1515638188.
2018-08-07 10:27:23,161 529    [           main] DEBUG ansaction.jdbc.JdbcTransaction  - Setting autocommit to false on JDBC Connection [com.mysql.jdbc.JDBC4Connection@5a56cdac]
2018-08-07 10:27:23,163 531    [           main] DEBUG  com.mikro.dao.UserDao.findAll  - ==>  Preparing: -- sql语句 SELECT * from user; 
2018-08-07 10:27:23,214 582    [           main] DEBUG  com.mikro.dao.UserDao.findAll  - ==> Parameters: 
2018-08-07 10:34:25,581 0      [           main] DEBUG ache.ibatis.logging.LogFactory  - Logging initialized using 'class org.apache.ibatis.logging.log4j.Log4jImpl' adapter.
2018-08-07 10:34:25,712 131    [           main] DEBUG source.pooled.PooledDataSource  - PooledDataSource forcefully closed/removed all connections.
2018-08-07 10:34:25,712 131    [           main] DEBUG source.pooled.PooledDataSource  - PooledDataSource forcefully closed/removed all connections.
2018-08-07 10:34:25,713 132    [           main] DEBUG source.pooled.PooledDataSource  - PooledDataSource forcefully closed/removed all connections.
2018-08-07 10:34:25,713 132    [           main] DEBUG source.pooled.PooledDataSource  - PooledDataSource forcefully closed/removed all connections.
2018-08-07 10:34:25,803 222    [           main] DEBUG ansaction.jdbc.JdbcTransaction  - Opening JDBC Connection
2018-08-07 10:34:26,033 452    [           main] DEBUG source.pooled.PooledDataSource  - Created connection 671471369.
2018-08-07 10:34:26,033 452    [           main] DEBUG ansaction.jdbc.JdbcTransaction  - Setting autocommit to false on JDBC Connection [com.mysql.jdbc.JDBC4Connection@2805d709]
2018-08-07 10:34:26,035 454    [           main] DEBUG  com.mikro.dao.UserDao.findAll  - ==>  Preparing: -- sql语句 SELECT * from user; 
2018-08-07 10:34:26,079 498    [           main] DEBUG  com.mikro.dao.UserDao.findAll  - ==> Parameters: 
2018-08-07 10:34:26,125 544    [           main] DEBUG  com.mikro.dao.UserDao.findAll  - <==      Total: 6
2018-08-07 10:34:26,132 551    [           main] DEBUG ansaction.jdbc.JdbcTransaction  - Resetting autocommit to true on JDBC Connection [com.mysql.jdbc.JDBC4Connection@2805d709]
2018-08-07 10:34:26,132 551    [           main] DEBUG ansaction.jdbc.JdbcTransaction  - Closing JDBC Connection [com.mysql.jdbc.JDBC4Connection@2805d709]
2018-08-07 10:34:26,133 552    [           main] DEBUG source.pooled.PooledDataSource  - Returned connection 671471369 to pool.
2018-08-07 10:50:21,368 1      [           main] DEBUG ache.ibatis.logging.LogFactory  - Logging initialized using 'class org.apache.ibatis.logging.log4j.Log4jImpl' adapter.
2018-08-07 10:50:21,537 170    [           main] DEBUG source.pooled.PooledDataSource  - PooledDataSource forcefully closed/removed all connections.
2018-08-07 10:50:21,537 170    [           main] DEBUG source.pooled.PooledDataSource  - PooledDataSource forcefully closed/removed all connections.
2018-08-07 10:50:21,537 170    [           main] DEBUG source.pooled.PooledDataSource  - PooledDataSource forcefully closed/removed all connections.
2018-08-07 10:50:21,537 170    [           main] DEBUG source.pooled.PooledDataSource  - PooledDataSource forcefully closed/removed all connections.
2018-08-09 10:59:59,282 0      [           main] DEBUG ache.ibatis.logging.LogFactory  - Logging initialized using 'class org.apache.ibatis.logging.log4j.Log4jImpl' adapter.
2018-08-09 10:59:59,436 154    [           main] DEBUG source.pooled.PooledDataSource  - PooledDataSource forcefully closed/removed all connections.
2018-08-09 10:59:59,436 154    [           main] DEBUG source.pooled.PooledDataSource  - PooledDataSource forcefully closed/removed all connections.
2018-08-09 10:59:59,436 154    [           main] DEBUG source.pooled.PooledDataSource  - PooledDataSource forcefully closed/removed all connections.
2018-08-09 10:59:59,436 154    [           main] DEBUG source.pooled.PooledDataSource  - PooledDataSource forcefully closed/removed all connections.
2018-08-09 11:01:52,376 0      [           main] DEBUG ache.ibatis.logging.LogFactory  - Logging initialized using 'class org.apache.ibatis.logging.log4j.Log4jImpl' adapter.
2018-08-09 11:01:52,501 125    [           main] DEBUG source.pooled.PooledDataSource  - PooledDataSource forcefully closed/removed all connections.
2018-08-09 11:01:52,501 125    [           main] DEBUG source.pooled.PooledDataSource  - PooledDataSource forcefully closed/removed all connections.
2018-08-09 11:01:52,501 125    [           main] DEBUG source.pooled.PooledDataSource  - PooledDataSource forcefully closed/removed all connections.
2018-08-09 11:01:52,501 125    [           main] DEBUG source.pooled.PooledDataSource  - PooledDataSource forcefully closed/removed all connections.
2018-08-09 11:02:36,916 0      [           main] DEBUG ache.ibatis.logging.LogFactory  - Logging initialized using 'class org.apache.ibatis.logging.log4j.Log4jImpl' adapter.
2018-08-09 11:02:37,039 123    [           main] DEBUG source.pooled.PooledDataSource  - PooledDataSource forcefully closed/removed all connections.
2018-08-09 11:02:37,039 123    [           main] DEBUG source.pooled.PooledDataSource  - PooledDataSource forcefully closed/removed all connections.
2018-08-09 11:02:37,039 123    [           main] DEBUG source.pooled.PooledDataSource  - PooledDataSource forcefully closed/removed all connections.
2018-08-09 11:02:37,039 123    [           main] DEBUG source.pooled.PooledDataSource  - PooledDataSource forcefully closed/removed all connections.
2018-08-09 11:02:37,117 201    [           main] DEBUG ansaction.jdbc.JdbcTransaction  - Opening JDBC Connection
2018-08-09 11:02:37,362 446    [           main] DEBUG source.pooled.PooledDataSource  - Created connection 1128132589.
2018-08-09 11:02:37,362 446    [           main] DEBUG ansaction.jdbc.JdbcTransaction  - Setting autocommit to false on JDBC Connection [com.mysql.jdbc.JDBC4Connection@433defed]
2018-08-09 11:02:37,365 449    [           main] DEBUG     com.mikro.dao.UserDao.save  - ==>  Preparing: insert into user(username,birthday,sex,address)values(?,?,?,?); 
2018-08-09 11:02:37,415 499    [           main] DEBUG ansaction.jdbc.JdbcTransaction  - Committing JDBC Connection [com.mysql.jdbc.JDBC4Connection@433defed]
2018-08-09 11:02:37,416 500    [           main] DEBUG ansaction.jdbc.JdbcTransaction  - Resetting autocommit to true on JDBC Connection [com.mysql.jdbc.JDBC4Connection@433defed]
2018-08-09 11:02:37,416 500    [           main] DEBUG ansaction.jdbc.JdbcTransaction  - Closing JDBC Connection [com.mysql.jdbc.JDBC4Connection@433defed]
2018-08-09 11:02:37,416 500    [           main] DEBUG source.pooled.PooledDataSource  - Returned connection 1128132589 to pool.
2018-08-09 11:02:49,917 0      [           main] DEBUG ache.ibatis.logging.LogFactory  - Logging initialized using 'class org.apache.ibatis.logging.log4j.Log4jImpl' adapter.
2018-08-09 11:02:50,109 192    [           main] DEBUG source.pooled.PooledDataSource  - PooledDataSource forcefully closed/removed all connections.
2018-08-09 11:02:50,109 192    [           main] DEBUG source.pooled.PooledDataSource  - PooledDataSource forcefully closed/removed all connections.
2018-08-09 11:02:50,109 192    [           main] DEBUG source.pooled.PooledDataSource  - PooledDataSource forcefully closed/removed all connections.
2018-08-09 11:02:50,110 193    [           main] DEBUG source.pooled.PooledDataSource  - PooledDataSource forcefully closed/removed all connections.
2018-08-09 11:02:50,219 302    [           main] DEBUG ansaction.jdbc.JdbcTransaction  - Opening JDBC Connection
2018-08-09 11:02:50,492 575    [           main] DEBUG source.pooled.PooledDataSource  - Created connection 1564698139.
2018-08-09 11:02:50,493 576    [           main] DEBUG ansaction.jdbc.JdbcTransaction  - Setting autocommit to false on JDBC Connection [com.mysql.jdbc.JDBC4Connection@5d43661b]
2018-08-09 11:02:50,495 578    [           main] DEBUG     com.mikro.dao.UserDao.save  - ==>  Preparing: insert into user(username,birthday,sex,address)values(?,?,?,?); 
2018-08-09 11:02:50,530 613    [           main] DEBUG ansaction.jdbc.JdbcTransaction  - Committing JDBC Connection [com.mysql.jdbc.JDBC4Connection@5d43661b]
2018-08-09 11:02:50,530 613    [           main] DEBUG ansaction.jdbc.JdbcTransaction  - Resetting autocommit to true on JDBC Connection [com.mysql.jdbc.JDBC4Connection@5d43661b]
2018-08-09 11:02:50,531 614    [           main] DEBUG ansaction.jdbc.JdbcTransaction  - Closing JDBC Connection [com.mysql.jdbc.JDBC4Connection@5d43661b]
2018-08-09 11:02:50,531 614    [           main] DEBUG source.pooled.PooledDataSource  - Returned connection 1564698139 to pool.
2018-08-09 11:03:06,183 0      [           main] DEBUG ache.ibatis.logging.LogFactory  - Logging initialized using 'class org.apache.ibatis.logging.log4j.Log4jImpl' adapter.
2018-08-09 11:03:06,509 326    [           main] DEBUG source.pooled.PooledDataSource  - PooledDataSource forcefully closed/removed all connections.
2018-08-09 11:03:06,509 326    [           main] DEBUG source.pooled.PooledDataSource  - PooledDataSource forcefully closed/removed all connections.
2018-08-09 11:03:06,509 326    [           main] DEBUG source.pooled.PooledDataSource  - PooledDataSource forcefully closed/removed all connections.
2018-08-09 11:03:06,510 327    [           main] DEBUG source.pooled.PooledDataSource  - PooledDataSource forcefully closed/removed all connections.
2018-08-09 11:03:19,018 12835  [           main] DEBUG ansaction.jdbc.JdbcTransaction  - Opening JDBC Connection
2018-08-09 11:15:56,191 0      [           main] DEBUG ache.ibatis.logging.LogFactory  - Logging initialized using 'class org.apache.ibatis.logging.log4j.Log4jImpl' adapter.
2018-08-09 11:15:56,322 131    [           main] DEBUG source.pooled.PooledDataSource  - PooledDataSource forcefully closed/removed all connections.
2018-08-09 11:15:56,323 132    [           main] DEBUG source.pooled.PooledDataSource  - PooledDataSource forcefully closed/removed all connections.
2018-08-09 11:15:56,323 132    [           main] DEBUG source.pooled.PooledDataSource  - PooledDataSource forcefully closed/removed all connections.
2018-08-09 11:15:56,323 132    [           main] DEBUG source.pooled.PooledDataSource  - PooledDataSource forcefully closed/removed all connections.
2018-08-09 11:15:56,402 211    [           main] DEBUG ansaction.jdbc.JdbcTransaction  - Opening JDBC Connection
2018-08-09 11:15:56,623 432    [           main] DEBUG source.pooled.PooledDataSource  - Created connection 1128132589.
2018-08-09 11:15:56,623 432    [           main] DEBUG ansaction.jdbc.JdbcTransaction  - Setting autocommit to false on JDBC Connection [com.mysql.jdbc.JDBC4Connection@433defed]
2018-08-09 11:15:56,625 434    [           main] DEBUG     com.mikro.dao.UserDao.save  - ==>  Preparing: insert into user(username,birthday,sex,address)values(?,?,?,?); 
2018-08-09 11:15:56,672 481    [           main] DEBUG ansaction.jdbc.JdbcTransaction  - Committing JDBC Connection [com.mysql.jdbc.JDBC4Connection@433defed]
2018-08-09 11:15:56,673 482    [           main] DEBUG ansaction.jdbc.JdbcTransaction  - Resetting autocommit to true on JDBC Connection [com.mysql.jdbc.JDBC4Connection@433defed]
2018-08-09 11:15:56,673 482    [           main] DEBUG ansaction.jdbc.JdbcTransaction  - Closing JDBC Connection [com.mysql.jdbc.JDBC4Connection@433defed]
2018-08-09 11:15:56,673 482    [           main] DEBUG source.pooled.PooledDataSource  - Returned connection 1128132589 to pool.
2018-08-09 11:19:44,110 0      [           main] DEBUG ache.ibatis.logging.LogFactory  - Logging initialized using 'class org.apache.ibatis.logging.log4j.Log4jImpl' adapter.
2018-08-09 11:19:44,222 112    [           main] DEBUG source.pooled.PooledDataSource  - PooledDataSource forcefully closed/removed all connections.
2018-08-09 11:19:44,222 112    [           main] DEBUG source.pooled.PooledDataSource  - PooledDataSource forcefully closed/removed all connections.
2018-08-09 11:19:44,222 112    [           main] DEBUG source.pooled.PooledDataSource  - PooledDataSource forcefully closed/removed all connections.
2018-08-09 11:19:44,222 112    [           main] DEBUG source.pooled.PooledDataSource  - PooledDataSource forcefully closed/removed all connections.
2018-08-09 11:19:44,309 199    [           main] DEBUG ansaction.jdbc.JdbcTransaction  - Opening JDBC Connection
2018-08-09 11:19:44,565 455    [           main] DEBUG source.pooled.PooledDataSource  - Created connection 1171802656.
2018-08-09 11:19:44,565 455    [           main] DEBUG ansaction.jdbc.JdbcTransaction  - Setting autocommit to false on JDBC Connection [com.mysql.jdbc.JDBC4Connection@45d84a20]
2018-08-09 11:19:44,567 457    [           main] DEBUG  com.mikro.dao.UserDao.findAll  - ==>  Preparing: -- sql语句 SELECT * from user; 
2018-08-09 11:19:44,608 498    [           main] DEBUG  com.mikro.dao.UserDao.findAll  - ==> Parameters: 
2018-08-09 11:19:44,654 544    [           main] DEBUG  com.mikro.dao.UserDao.findAll  - <==      Total: 6
2018-08-09 11:19:44,664 554    [           main] DEBUG ansaction.jdbc.JdbcTransaction  - Resetting autocommit to true on JDBC Connection [com.mysql.jdbc.JDBC4Connection@45d84a20]
2018-08-09 11:19:44,665 555    [           main] DEBUG ansaction.jdbc.JdbcTransaction  - Closing JDBC Connection [com.mysql.jdbc.JDBC4Connection@45d84a20]
2018-08-09 11:19:44,665 555    [           main] DEBUG source.pooled.PooledDataSource  - Returned connection 1171802656 to pool.
2018-08-09 11:21:44,941 0      [           main] DEBUG ache.ibatis.logging.LogFactory  - Logging initialized using 'class org.apache.ibatis.logging.log4j.Log4jImpl' adapter.
2018-08-09 11:21:45,083 142    [           main] DEBUG source.pooled.PooledDataSource  - PooledDataSource forcefully closed/removed all connections.
2018-08-09 11:21:45,083 142    [           main] DEBUG source.pooled.PooledDataSource  - PooledDataSource forcefully closed/removed all connections.
2018-08-09 11:21:45,083 142    [           main] DEBUG source.pooled.PooledDataSource  - PooledDataSource forcefully closed/removed all connections.
2018-08-09 11:21:45,083 142    [           main] DEBUG source.pooled.PooledDataSource  - PooledDataSource forcefully closed/removed all connections.
2018-08-09 11:21:45,168 227    [           main] DEBUG ansaction.jdbc.JdbcTransaction  - Opening JDBC Connection
2018-08-09 11:21:45,415 474    [           main] DEBUG source.pooled.PooledDataSource  - Created connection 1128132589.
2018-08-09 11:21:45,415 474    [           main] DEBUG ansaction.jdbc.JdbcTransaction  - Setting autocommit to false on JDBC Connection [com.mysql.jdbc.JDBC4Connection@433defed]
2018-08-09 11:21:45,418 477    [           main] DEBUG     com.mikro.dao.UserDao.save  - ==>  Preparing: insert into user(username,birthday,sex,address)values(?,?,?,?); 
2018-08-09 11:21:45,470 529    [           main] DEBUG ansaction.jdbc.JdbcTransaction  - Committing JDBC Connection [com.mysql.jdbc.JDBC4Connection@433defed]
2018-08-09 11:21:45,470 529    [           main] DEBUG ansaction.jdbc.JdbcTransaction  - Resetting autocommit to true on JDBC Connection [com.mysql.jdbc.JDBC4Connection@433defed]
2018-08-09 11:21:45,471 530    [           main] DEBUG ansaction.jdbc.JdbcTransaction  - Closing JDBC Connection [com.mysql.jdbc.JDBC4Connection@433defed]
2018-08-09 11:21:45,471 530    [           main] DEBUG source.pooled.PooledDataSource  - Returned connection 1128132589 to pool.
2018-08-09 11:22:44,456 0      [           main] DEBUG ache.ibatis.logging.LogFactory  - Logging initialized using 'class org.apache.ibatis.logging.log4j.Log4jImpl' adapter.
2018-08-09 11:22:44,591 135    [           main] DEBUG source.pooled.PooledDataSource  - PooledDataSource forcefully closed/removed all connections.
2018-08-09 11:22:44,591 135    [           main] DEBUG source.pooled.PooledDataSource  - PooledDataSource forcefully closed/removed all connections.
2018-08-09 11:22:44,592 136    [           main] DEBUG source.pooled.PooledDataSource  - PooledDataSource forcefully closed/removed all connections.
2018-08-09 11:22:44,592 136    [           main] DEBUG source.pooled.PooledDataSource  - PooledDataSource forcefully closed/removed all connections.
2018-08-09 11:22:44,671 215    [           main] DEBUG ansaction.jdbc.JdbcTransaction  - Opening JDBC Connection
2018-08-09 11:22:44,920 464    [           main] DEBUG source.pooled.PooledDataSource  - Created connection 1128132589.
2018-08-09 11:22:44,921 465    [           main] DEBUG ansaction.jdbc.JdbcTransaction  - Setting autocommit to false on JDBC Connection [com.mysql.jdbc.JDBC4Connection@433defed]
2018-08-09 11:22:44,923 467    [           main] DEBUG     com.mikro.dao.UserDao.save  - ==>  Preparing: insert into user(username,birthday,sex,address)values(?,?,?,?); 
2018-08-09 11:22:44,978 522    [           main] DEBUG ansaction.jdbc.JdbcTransaction  - Committing JDBC Connection [com.mysql.jdbc.JDBC4Connection@433defed]
2018-08-09 11:22:44,978 522    [           main] DEBUG ansaction.jdbc.JdbcTransaction  - Resetting autocommit to true on JDBC Connection [com.mysql.jdbc.JDBC4Connection@433defed]
2018-08-09 11:22:44,979 523    [           main] DEBUG ansaction.jdbc.JdbcTransaction  - Closing JDBC Connection [com.mysql.jdbc.JDBC4Connection@433defed]
2018-08-09 11:22:44,979 523    [           main] DEBUG source.pooled.PooledDataSource  - Returned connection 1128132589 to pool.
2018-08-09 11:24:41,425 0      [           main] DEBUG ache.ibatis.logging.LogFactory  - Logging initialized using 'class org.apache.ibatis.logging.log4j.Log4jImpl' adapter.
2018-08-09 11:24:41,546 121    [           main] DEBUG source.pooled.PooledDataSource  - PooledDataSource forcefully closed/removed all connections.
2018-08-09 11:24:41,546 121    [           main] DEBUG source.pooled.PooledDataSource  - PooledDataSource forcefully closed/removed all connections.
2018-08-09 11:24:41,546 121    [           main] DEBUG source.pooled.PooledDataSource  - PooledDataSource forcefully closed/removed all connections.
2018-08-09 11:24:41,546 121    [           main] DEBUG source.pooled.PooledDataSource  - PooledDataSource forcefully closed/removed all connections.
2018-08-09 11:24:41,626 201    [           main] DEBUG ansaction.jdbc.JdbcTransaction  - Opening JDBC Connection
2018-08-09 11:24:41,883 458    [           main] DEBUG source.pooled.PooledDataSource  - Created connection 1128132589.
2018-08-09 11:24:41,884 459    [           main] DEBUG ansaction.jdbc.JdbcTransaction  - Setting autocommit to false on JDBC Connection [com.mysql.jdbc.JDBC4Connection@433defed]
2018-08-09 11:24:41,886 461    [           main] DEBUG     com.mikro.dao.UserDao.save  - ==>  Preparing: insert into user(username,birthday,sex,address)values(?,?,?,?); 
2018-08-09 11:24:41,940 515    [           main] DEBUG ansaction.jdbc.JdbcTransaction  - Committing JDBC Connection [com.mysql.jdbc.JDBC4Connection@433defed]
2018-08-09 11:24:41,940 515    [           main] DEBUG ansaction.jdbc.JdbcTransaction  - Resetting autocommit to true on JDBC Connection [com.mysql.jdbc.JDBC4Connection@433defed]
2018-08-09 11:24:41,940 515    [           main] DEBUG ansaction.jdbc.JdbcTransaction  - Closing JDBC Connection [com.mysql.jdbc.JDBC4Connection@433defed]
2018-08-09 11:24:41,941 516    [           main] DEBUG source.pooled.PooledDataSource  - Returned connection 1128132589 to pool.
2018-08-09 11:25:40,620 0      [           main] DEBUG ache.ibatis.logging.LogFactory  - Logging initialized using 'class org.apache.ibatis.logging.log4j.Log4jImpl' adapter.
2018-08-09 11:25:40,762 142    [           main] DEBUG source.pooled.PooledDataSource  - PooledDataSource forcefully closed/removed all connections.
2018-08-09 11:25:40,762 142    [           main] DEBUG source.pooled.PooledDataSource  - PooledDataSource forcefully closed/removed all connections.
2018-08-09 11:25:40,762 142    [           main] DEBUG source.pooled.PooledDataSource  - PooledDataSource forcefully closed/removed all connections.
2018-08-09 11:25:40,762 142    [           main] DEBUG source.pooled.PooledDataSource  - PooledDataSource forcefully closed/removed all connections.
2018-08-09 11:25:40,853 233    [           main] DEBUG ansaction.jdbc.JdbcTransaction  - Opening JDBC Connection
2018-08-09 11:25:41,121 501    [           main] DEBUG source.pooled.PooledDataSource  - Created connection 1128132589.
2018-08-09 11:25:41,122 502    [           main] DEBUG ansaction.jdbc.JdbcTransaction  - Setting autocommit to false on JDBC Connection [com.mysql.jdbc.JDBC4Connection@433defed]
2018-08-09 11:25:41,125 505    [           main] DEBUG     com.mikro.dao.UserDao.save  - ==>  Preparing: insert into user(username,birthday,sex,address)values(?,?,?,?); 
2018-08-09 11:25:41,188 568    [           main] DEBUG     com.mikro.dao.UserDao.save  - ==> Parameters: 张三(String), 2018-08-09 11:25:40.841(Timestamp), 男(String), 北京(String)
2018-08-09 11:25:41,193 573    [           main] DEBUG     com.mikro.dao.UserDao.save  - <==    Updates: 1
2018-08-09 11:25:41,193 573    [           main] DEBUG ansaction.jdbc.JdbcTransaction  - Committing JDBC Connection [com.mysql.jdbc.JDBC4Connection@433defed]
2018-08-09 11:25:41,198 578    [           main] DEBUG ansaction.jdbc.JdbcTransaction  - Resetting autocommit to true on JDBC Connection [com.mysql.jdbc.JDBC4Connection@433defed]
2018-08-09 11:25:41,198 578    [           main] DEBUG ansaction.jdbc.JdbcTransaction  - Closing JDBC Connection [com.mysql.jdbc.JDBC4Connection@433defed]
2018-08-09 11:25:41,199 579    [           main] DEBUG source.pooled.PooledDataSource  - Returned connection 1128132589 to pool.
2018-08-09 11:25:54,121 0      [           main] DEBUG ache.ibatis.logging.LogFactory  - Logging initialized using 'class org.apache.ibatis.logging.log4j.Log4jImpl' adapter.
2018-08-09 11:25:54,244 123    [           main] DEBUG source.pooled.PooledDataSource  - PooledDataSource forcefully closed/removed all connections.
2018-08-09 11:25:54,244 123    [           main] DEBUG source.pooled.PooledDataSource  - PooledDataSource forcefully closed/removed all connections.
2018-08-09 11:25:54,245 124    [           main] DEBUG source.pooled.PooledDataSource  - PooledDataSource forcefully closed/removed all connections.
2018-08-09 11:25:54,245 124    [           main] DEBUG source.pooled.PooledDataSource  - PooledDataSource forcefully closed/removed all connections.
2018-08-09 11:25:54,346 225    [           main] DEBUG ansaction.jdbc.JdbcTransaction  - Opening JDBC Connection
2018-08-09 11:25:54,582 461    [           main] DEBUG source.pooled.PooledDataSource  - Created connection 1171802656.
2018-08-09 11:25:54,583 462    [           main] DEBUG ansaction.jdbc.JdbcTransaction  - Setting autocommit to false on JDBC Connection [com.mysql.jdbc.JDBC4Connection@45d84a20]
2018-08-09 11:25:54,585 464    [           main] DEBUG  com.mikro.dao.UserDao.findAll  - ==>  Preparing: -- sql语句 SELECT * from user; 
2018-08-09 11:25:54,637 516    [           main] DEBUG  com.mikro.dao.UserDao.findAll  - ==> Parameters: 
2018-08-09 11:25:54,671 550    [           main] DEBUG  com.mikro.dao.UserDao.findAll  - <==      Total: 7
2018-08-09 11:25:54,678 557    [           main] DEBUG ansaction.jdbc.JdbcTransaction  - Resetting autocommit to true on JDBC Connection [com.mysql.jdbc.JDBC4Connection@45d84a20]
2018-08-09 11:25:54,678 557    [           main] DEBUG ansaction.jdbc.JdbcTransaction  - Closing JDBC Connection [com.mysql.jdbc.JDBC4Connection@45d84a20]
2018-08-09 11:25:54,678 557    [           main] DEBUG source.pooled.PooledDataSource  - Returned connection 1171802656 to pool.
2018-08-09 11:36:39,099 1      [           main] DEBUG ache.ibatis.logging.LogFactory  - Logging initialized using 'class org.apache.ibatis.logging.log4j.Log4jImpl' adapter.
2018-08-09 11:36:39,224 126    [           main] DEBUG source.pooled.PooledDataSource  - PooledDataSource forcefully closed/removed all connections.
2018-08-09 11:36:39,224 126    [           main] DEBUG source.pooled.PooledDataSource  - PooledDataSource forcefully closed/removed all connections.
2018-08-09 11:36:39,224 126    [           main] DEBUG source.pooled.PooledDataSource  - PooledDataSource forcefully closed/removed all connections.
2018-08-09 11:36:39,224 126    [           main] DEBUG source.pooled.PooledDataSource  - PooledDataSource forcefully closed/removed all connections.
2018-08-09 11:36:39,293 195    [           main] DEBUG ansaction.jdbc.JdbcTransaction  - Opening JDBC Connection
2018-08-09 11:36:39,523 425    [           main] DEBUG source.pooled.PooledDataSource  - Created connection 1396431506.
2018-08-09 11:36:39,523 425    [           main] DEBUG ansaction.jdbc.JdbcTransaction  - Setting autocommit to false on JDBC Connection [com.mysql.jdbc.JDBC4Connection@533bda92]
2018-08-09 11:36:39,526 428    [           main] DEBUG   com.mikro.dao.UserDao.update  - ==>  Preparing: update user set username=?,address=?,sex=?,birthday=? where username=? 
2018-08-09 11:36:39,578 480    [           main] DEBUG ansaction.jdbc.JdbcTransaction  - Committing JDBC Connection [com.mysql.jdbc.JDBC4Connection@533bda92]
2018-08-09 11:36:39,578 480    [           main] DEBUG ansaction.jdbc.JdbcTransaction  - Resetting autocommit to true on JDBC Connection [com.mysql.jdbc.JDBC4Connection@533bda92]
2018-08-09 11:36:39,579 481    [           main] DEBUG ansaction.jdbc.JdbcTransaction  - Closing JDBC Connection [com.mysql.jdbc.JDBC4Connection@533bda92]
2018-08-09 11:36:39,579 481    [           main] DEBUG source.pooled.PooledDataSource  - Returned connection 1396431506 to pool.
2018-08-09 11:37:33,040 0      [           main] DEBUG ache.ibatis.logging.LogFactory  - Logging initialized using 'class org.apache.ibatis.logging.log4j.Log4jImpl' adapter.
2018-08-09 11:37:33,161 121    [           main] DEBUG source.pooled.PooledDataSource  - PooledDataSource forcefully closed/removed all connections.
2018-08-09 11:37:33,161 121    [           main] DEBUG source.pooled.PooledDataSource  - PooledDataSource forcefully closed/removed all connections.
2018-08-09 11:37:33,161 121    [           main] DEBUG source.pooled.PooledDataSource  - PooledDataSource forcefully closed/removed all connections.
2018-08-09 11:37:33,161 121    [           main] DEBUG source.pooled.PooledDataSource  - PooledDataSource forcefully closed/removed all connections.
2018-08-09 11:37:33,262 222    [           main] DEBUG ansaction.jdbc.JdbcTransaction  - Opening JDBC Connection
2018-08-09 11:37:33,525 485    [           main] DEBUG source.pooled.PooledDataSource  - Created connection 1396431506.
2018-08-09 11:37:33,525 485    [           main] DEBUG ansaction.jdbc.JdbcTransaction  - Setting autocommit to false on JDBC Connection [com.mysql.jdbc.JDBC4Connection@533bda92]
2018-08-09 11:37:33,527 487    [           main] DEBUG   com.mikro.dao.UserDao.update  - ==>  Preparing: update user set username=?,birthday=?,sex=?,address=? where username=? 
2018-08-09 11:37:33,578 538    [           main] DEBUG ansaction.jdbc.JdbcTransaction  - Committing JDBC Connection [com.mysql.jdbc.JDBC4Connection@533bda92]
2018-08-09 11:37:33,578 538    [           main] DEBUG ansaction.jdbc.JdbcTransaction  - Resetting autocommit to true on JDBC Connection [com.mysql.jdbc.JDBC4Connection@533bda92]
2018-08-09 11:37:33,579 539    [           main] DEBUG ansaction.jdbc.JdbcTransaction  - Closing JDBC Connection [com.mysql.jdbc.JDBC4Connection@533bda92]
2018-08-09 11:37:33,579 539    [           main] DEBUG source.pooled.PooledDataSource  - Returned connection 1396431506 to pool.
2018-08-09 11:38:58,575 0      [           main] DEBUG ache.ibatis.logging.LogFactory  - Logging initialized using 'class org.apache.ibatis.logging.log4j.Log4jImpl' adapter.
2018-08-09 11:38:58,682 107    [           main] DEBUG source.pooled.PooledDataSource  - PooledDataSource forcefully closed/removed all connections.
2018-08-09 11:38:58,682 107    [           main] DEBUG source.pooled.PooledDataSource  - PooledDataSource forcefully closed/removed all connections.
2018-08-09 11:38:58,682 107    [           main] DEBUG source.pooled.PooledDataSource  - PooledDataSource forcefully closed/removed all connections.
2018-08-09 11:38:58,682 107    [           main] DEBUG source.pooled.PooledDataSource  - PooledDataSource forcefully closed/removed all connections.
2018-08-09 11:38:58,760 185    [           main] DEBUG ansaction.jdbc.JdbcTransaction  - Opening JDBC Connection
2018-08-09 11:38:58,992 417    [           main] DEBUG source.pooled.PooledDataSource  - Created connection 711540569.
2018-08-09 11:38:58,992 417    [           main] DEBUG ansaction.jdbc.JdbcTransaction  - Setting autocommit to false on JDBC Connection [com.mysql.jdbc.JDBC4Connection@2a693f59]
2018-08-09 11:38:58,994 419    [           main] DEBUG   com.mikro.dao.UserDao.update  - ==>  Preparing: update user set username=?,birthday=?,sex=?,address=? where username=49 
2018-08-09 11:38:59,053 478    [           main] DEBUG   com.mikro.dao.UserDao.update  - ==> Parameters: 李四(String), 2018-08-09 11:38:58.752(Timestamp), 女(String), 上海(String)
2018-08-09 11:38:59,067 492    [           main] DEBUG ansaction.jdbc.JdbcTransaction  - Committing JDBC Connection [com.mysql.jdbc.JDBC4Connection@2a693f59]
2018-08-09 11:38:59,068 493    [           main] DEBUG ansaction.jdbc.JdbcTransaction  - Resetting autocommit to true on JDBC Connection [com.mysql.jdbc.JDBC4Connection@2a693f59]
2018-08-09 11:38:59,068 493    [           main] DEBUG ansaction.jdbc.JdbcTransaction  - Closing JDBC Connection [com.mysql.jdbc.JDBC4Connection@2a693f59]
2018-08-09 11:38:59,068 493    [           main] DEBUG source.pooled.PooledDataSource  - Returned connection 711540569 to pool.
2018-08-09 11:42:25,107 0      [           main] DEBUG ache.ibatis.logging.LogFactory  - Logging initialized using 'class org.apache.ibatis.logging.log4j.Log4jImpl' adapter.
2018-08-09 11:42:25,237 130    [           main] DEBUG source.pooled.PooledDataSource  - PooledDataSource forcefully closed/removed all connections.
2018-08-09 11:42:25,237 130    [           main] DEBUG source.pooled.PooledDataSource  - PooledDataSource forcefully closed/removed all connections.
2018-08-09 11:42:25,237 130    [           main] DEBUG source.pooled.PooledDataSource  - PooledDataSource forcefully closed/removed all connections.
2018-08-09 11:42:25,237 130    [           main] DEBUG source.pooled.PooledDataSource  - PooledDataSource forcefully closed/removed all connections.
2018-08-09 11:42:25,344 237    [           main] DEBUG ansaction.jdbc.JdbcTransaction  - Opening JDBC Connection
2018-08-09 11:42:25,619 512    [           main] DEBUG source.pooled.PooledDataSource  - Created connection 711540569.
2018-08-09 11:42:25,620 513    [           main] DEBUG ansaction.jdbc.JdbcTransaction  - Setting autocommit to false on JDBC Connection [com.mysql.jdbc.JDBC4Connection@2a693f59]
2018-08-09 11:42:25,622 515    [           main] DEBUG   com.mikro.dao.UserDao.update  - ==>  Preparing: update user set username=?,birthday=?,sex=?,address=? where id=49 
2018-08-09 11:42:25,690 583    [           main] DEBUG   com.mikro.dao.UserDao.update  - ==> Parameters: 李四(String), 2018-08-09 11:42:25.331(Timestamp), 女(String), 上海(String)
2018-08-09 11:42:25,692 585    [           main] DEBUG   com.mikro.dao.UserDao.update  - <==    Updates: 1
2018-08-09 11:42:25,692 585    [           main] DEBUG ansaction.jdbc.JdbcTransaction  - Committing JDBC Connection [com.mysql.jdbc.JDBC4Connection@2a693f59]
2018-08-09 11:42:25,694 587    [           main] DEBUG ansaction.jdbc.JdbcTransaction  - Resetting autocommit to true on JDBC Connection [com.mysql.jdbc.JDBC4Connection@2a693f59]
2018-08-09 11:42:25,695 588    [           main] DEBUG ansaction.jdbc.JdbcTransaction  - Closing JDBC Connection [com.mysql.jdbc.JDBC4Connection@2a693f59]
2018-08-09 11:42:25,695 588    [           main] DEBUG source.pooled.PooledDataSource  - Returned connection 711540569 to pool.
2018-08-09 11:43:33,438 0      [           main] DEBUG ache.ibatis.logging.LogFactory  - Logging initialized using 'class org.apache.ibatis.logging.log4j.Log4jImpl' adapter.
2018-08-09 11:43:33,569 131    [           main] DEBUG source.pooled.PooledDataSource  - PooledDataSource forcefully closed/removed all connections.
2018-08-09 11:43:33,570 132    [           main] DEBUG source.pooled.PooledDataSource  - PooledDataSource forcefully closed/removed all connections.
2018-08-09 11:43:33,570 132    [           main] DEBUG source.pooled.PooledDataSource  - PooledDataSource forcefully closed/removed all connections.
2018-08-09 11:43:33,570 132    [           main] DEBUG source.pooled.PooledDataSource  - PooledDataSource forcefully closed/removed all connections.
2018-08-09 11:43:33,649 211    [           main] DEBUG ansaction.jdbc.JdbcTransaction  - Opening JDBC Connection
2018-08-09 11:43:33,886 448    [           main] DEBUG source.pooled.PooledDataSource  - Created connection 1396431506.
2018-08-09 11:43:33,886 448    [           main] DEBUG ansaction.jdbc.JdbcTransaction  - Setting autocommit to false on JDBC Connection [com.mysql.jdbc.JDBC4Connection@533bda92]
2018-08-09 11:43:33,888 450    [           main] DEBUG   com.mikro.dao.UserDao.update  - ==>  Preparing: update user set username=?,birthday=?,sex=?,address=? where username=? 
2018-08-09 11:43:33,945 507    [           main] DEBUG ansaction.jdbc.JdbcTransaction  - Committing JDBC Connection [com.mysql.jdbc.JDBC4Connection@533bda92]
2018-08-09 11:43:33,945 507    [           main] DEBUG ansaction.jdbc.JdbcTransaction  - Resetting autocommit to true on JDBC Connection [com.mysql.jdbc.JDBC4Connection@533bda92]
2018-08-09 11:43:33,946 508    [           main] DEBUG ansaction.jdbc.JdbcTransaction  - Closing JDBC Connection [com.mysql.jdbc.JDBC4Connection@533bda92]
2018-08-09 11:43:33,946 508    [           main] DEBUG source.pooled.PooledDataSource  - Returned connection 1396431506 to pool.
2018-08-09 11:46:56,356 0      [           main] DEBUG ache.ibatis.logging.LogFactory  - Logging initialized using 'class org.apache.ibatis.logging.log4j.Log4jImpl' adapter.
2018-08-09 11:46:56,463 107    [           main] DEBUG source.pooled.PooledDataSource  - PooledDataSource forcefully closed/removed all connections.
2018-08-09 11:46:56,464 108    [           main] DEBUG source.pooled.PooledDataSource  - PooledDataSource forcefully closed/removed all connections.
2018-08-09 11:46:56,464 108    [           main] DEBUG source.pooled.PooledDataSource  - PooledDataSource forcefully closed/removed all connections.
2018-08-09 11:46:56,464 108    [           main] DEBUG source.pooled.PooledDataSource  - PooledDataSource forcefully closed/removed all connections.
2018-08-09 11:46:56,540 184    [           main] DEBUG ansaction.jdbc.JdbcTransaction  - Opening JDBC Connection
2018-08-09 11:46:56,771 415    [           main] DEBUG source.pooled.PooledDataSource  - Created connection 711540569.
2018-08-09 11:46:56,771 415    [           main] DEBUG ansaction.jdbc.JdbcTransaction  - Setting autocommit to false on JDBC Connection [com.mysql.jdbc.JDBC4Connection@2a693f59]
2018-08-09 11:46:56,774 418    [           main] DEBUG   com.mikro.dao.UserDao.update  - ==>  Preparing: update user set username=?,birthday=?,sex=?,address=? where id=49; 
2018-08-09 11:46:56,836 480    [           main] DEBUG   com.mikro.dao.UserDao.update  - ==> Parameters: 王五(String), 2018-08-09 11:46:56.531(Timestamp), 女(String), 上海(String)
2018-08-09 11:46:56,837 481    [           main] DEBUG   com.mikro.dao.UserDao.update  - <==    Updates: 1
2018-08-09 11:46:56,838 482    [           main] DEBUG ansaction.jdbc.JdbcTransaction  - Committing JDBC Connection [com.mysql.jdbc.JDBC4Connection@2a693f59]
2018-08-09 11:46:56,843 487    [           main] DEBUG ansaction.jdbc.JdbcTransaction  - Resetting autocommit to true on JDBC Connection [com.mysql.jdbc.JDBC4Connection@2a693f59]
2018-08-09 11:46:56,844 488    [           main] DEBUG ansaction.jdbc.JdbcTransaction  - Closing JDBC Connection [com.mysql.jdbc.JDBC4Connection@2a693f59]
2018-08-09 11:46:56,844 488    [           main] DEBUG source.pooled.PooledDataSource  - Returned connection 711540569 to pool.
2018-08-09 11:51:33,537 0      [           main] DEBUG ache.ibatis.logging.LogFactory  - Logging initialized using 'class org.apache.ibatis.logging.log4j.Log4jImpl' adapter.
2018-08-09 11:51:33,650 113    [           main] DEBUG source.pooled.PooledDataSource  - PooledDataSource forcefully closed/removed all connections.
2018-08-09 11:51:33,650 113    [           main] DEBUG source.pooled.PooledDataSource  - PooledDataSource forcefully closed/removed all connections.
2018-08-09 11:51:33,650 113    [           main] DEBUG source.pooled.PooledDataSource  - PooledDataSource forcefully closed/removed all connections.
2018-08-09 11:51:33,650 113    [           main] DEBUG source.pooled.PooledDataSource  - PooledDataSource forcefully closed/removed all connections.
2018-08-09 11:51:33,721 184    [           main] DEBUG ansaction.jdbc.JdbcTransaction  - Opening JDBC Connection
2018-08-09 11:51:33,937 400    [           main] DEBUG source.pooled.PooledDataSource  - Created connection 1062186835.
2018-08-09 11:51:33,938 401    [           main] DEBUG ansaction.jdbc.JdbcTransaction  - Setting autocommit to false on JDBC Connection [com.mysql.jdbc.JDBC4Connection@3f4faf53]
2018-08-09 11:51:33,940 403    [           main] DEBUG   com.mikro.dao.UserDao.delete  - ==>  Preparing: DELETE FROM user where username=? 
2018-08-09 11:51:33,988 451    [           main] DEBUG   com.mikro.dao.UserDao.delete  - ==> Parameters: 王五(String)
2018-08-09 11:51:33,989 452    [           main] DEBUG   com.mikro.dao.UserDao.delete  - <==    Updates: 1
2018-08-09 11:51:33,990 453    [           main] DEBUG ansaction.jdbc.JdbcTransaction  - Committing JDBC Connection [com.mysql.jdbc.JDBC4Connection@3f4faf53]
2018-08-09 11:51:33,995 458    [           main] DEBUG ansaction.jdbc.JdbcTransaction  - Resetting autocommit to true on JDBC Connection [com.mysql.jdbc.JDBC4Connection@3f4faf53]
2018-08-09 11:51:33,996 459    [           main] DEBUG ansaction.jdbc.JdbcTransaction  - Closing JDBC Connection [com.mysql.jdbc.JDBC4Connection@3f4faf53]
2018-08-09 11:51:33,996 459    [           main] DEBUG source.pooled.PooledDataSource  - Returned connection 1062186835 to pool.
2018-08-09 11:56:05,732 0      [           main] DEBUG ache.ibatis.logging.LogFactory  - Logging initialized using 'class org.apache.ibatis.logging.log4j.Log4jImpl' adapter.
2018-08-09 11:56:05,851 119    [           main] DEBUG source.pooled.PooledDataSource  - PooledDataSource forcefully closed/removed all connections.
2018-08-09 11:56:05,851 119    [           main] DEBUG source.pooled.PooledDataSource  - PooledDataSource forcefully closed/removed all connections.
2018-08-09 11:56:05,851 119    [           main] DEBUG source.pooled.PooledDataSource  - PooledDataSource forcefully closed/removed all connections.
2018-08-09 11:56:05,852 120    [           main] DEBUG source.pooled.PooledDataSource  - PooledDataSource forcefully closed/removed all connections.
2018-08-09 11:56:05,955 223    [           main] DEBUG ansaction.jdbc.JdbcTransaction  - Opening JDBC Connection
2018-08-09 11:56:06,197 465    [           main] DEBUG source.pooled.PooledDataSource  - Created connection 51554940.
2018-08-09 11:56:06,197 465    [           main] DEBUG ansaction.jdbc.JdbcTransaction  - Setting autocommit to false on JDBC Connection [com.mysql.jdbc.JDBC4Connection@312aa7c]
2018-08-09 11:56:06,201 469    [           main] DEBUG com.mikro.dao.UserDao.findByid  - ==>  Preparing: SELECT * from user where id=? 
2018-08-09 11:56:06,245 513    [           main] DEBUG com.mikro.dao.UserDao.findByid  - ==> Parameters: 48(Integer)
2018-08-09 11:56:06,276 544    [           main] DEBUG com.mikro.dao.UserDao.findByid  - <==      Total: 1
2018-08-09 11:56:06,283 551    [           main] DEBUG ansaction.jdbc.JdbcTransaction  - Resetting autocommit to true on JDBC Connection [com.mysql.jdbc.JDBC4Connection@312aa7c]
2018-08-09 11:56:06,283 551    [           main] DEBUG ansaction.jdbc.JdbcTransaction  - Closing JDBC Connection [com.mysql.jdbc.JDBC4Connection@312aa7c]
2018-08-09 11:56:06,283 551    [           main] DEBUG source.pooled.PooledDataSource  - Returned connection 51554940 to pool.
2018-08-09 12:00:09,921 0      [           main] DEBUG ache.ibatis.logging.LogFactory  - Logging initialized using 'class org.apache.ibatis.logging.log4j.Log4jImpl' adapter.
2018-08-09 12:00:10,043 122    [           main] DEBUG source.pooled.PooledDataSource  - PooledDataSource forcefully closed/removed all connections.
2018-08-09 12:00:10,043 122    [           main] DEBUG source.pooled.PooledDataSource  - PooledDataSource forcefully closed/removed all connections.
2018-08-09 12:00:10,043 122    [           main] DEBUG source.pooled.PooledDataSource  - PooledDataSource forcefully closed/removed all connections.
2018-08-09 12:00:10,044 123    [           main] DEBUG source.pooled.PooledDataSource  - PooledDataSource forcefully closed/removed all connections.
2018-08-09 12:00:10,132 211    [           main] DEBUG ansaction.jdbc.JdbcTransaction  - Opening JDBC Connection
2018-08-09 12:00:10,371 450    [           main] DEBUG source.pooled.PooledDataSource  - Created connection 1399794302.
2018-08-09 12:00:10,372 451    [           main] DEBUG ansaction.jdbc.JdbcTransaction  - Setting autocommit to false on JDBC Connection [com.mysql.jdbc.JDBC4Connection@536f2a7e]
2018-08-09 12:00:10,374 453    [           main] DEBUG m.mikro.dao.UserDao.findByname  - ==>  Preparing: SELECT * from user where username LIKE ? 
2018-08-09 12:00:10,417 496    [           main] DEBUG m.mikro.dao.UserDao.findByname  - ==> Parameters: %王%(String)
2018-08-09 12:00:10,455 534    [           main] DEBUG m.mikro.dao.UserDao.findByname  - <==      Total: 4
2018-08-09 12:00:10,456 535    [           main] DEBUG ansaction.jdbc.JdbcTransaction  - Resetting autocommit to true on JDBC Connection [com.mysql.jdbc.JDBC4Connection@536f2a7e]
2018-08-09 12:00:10,456 535    [           main] DEBUG ansaction.jdbc.JdbcTransaction  - Closing JDBC Connection [com.mysql.jdbc.JDBC4Connection@536f2a7e]
2018-08-09 12:00:10,456 535    [           main] DEBUG source.pooled.PooledDataSource  - Returned connection 1399794302 to pool.
2018-08-09 12:02:59,259 1      [           main] DEBUG ache.ibatis.logging.LogFactory  - Logging initialized using 'class org.apache.ibatis.logging.log4j.Log4jImpl' adapter.
2018-08-09 12:02:59,386 128    [           main] DEBUG source.pooled.PooledDataSource  - PooledDataSource forcefully closed/removed all connections.
2018-08-09 12:02:59,386 128    [           main] DEBUG source.pooled.PooledDataSource  - PooledDataSource forcefully closed/removed all connections.
2018-08-09 12:02:59,386 128    [           main] DEBUG source.pooled.PooledDataSource  - PooledDataSource forcefully closed/removed all connections.
2018-08-09 12:02:59,386 128    [           main] DEBUG source.pooled.PooledDataSource  - PooledDataSource forcefully closed/removed all connections.
2018-08-09 12:02:59,473 215    [           main] DEBUG ansaction.jdbc.JdbcTransaction  - Opening JDBC Connection
2018-08-09 12:02:59,745 487    [           main] DEBUG source.pooled.PooledDataSource  - Created connection 1399794302.
2018-08-09 12:02:59,745 487    [           main] DEBUG ansaction.jdbc.JdbcTransaction  - Setting autocommit to false on JDBC Connection [com.mysql.jdbc.JDBC4Connection@536f2a7e]
2018-08-09 12:02:59,747 489    [           main] DEBUG m.mikro.dao.UserDao.findByname  - ==>  Preparing: SELECT * from user where username LIKE ? 
2018-08-09 12:02:59,809 551    [           main] DEBUG m.mikro.dao.UserDao.findByname  - ==> Parameters: %王%(String)
2018-08-09 12:02:59,848 590    [           main] DEBUG m.mikro.dao.UserDao.findByname  - <==      Total: 4
2018-08-09 12:02:59,855 597    [           main] DEBUG ansaction.jdbc.JdbcTransaction  - Resetting autocommit to true on JDBC Connection [com.mysql.jdbc.JDBC4Connection@536f2a7e]
2018-08-09 12:02:59,855 597    [           main] DEBUG ansaction.jdbc.JdbcTransaction  - Closing JDBC Connection [com.mysql.jdbc.JDBC4Connection@536f2a7e]
2018-08-09 12:02:59,855 597    [           main] DEBUG source.pooled.PooledDataSource  - Returned connection 1399794302 to pool.
2018-08-09 12:06:17,999 0      [           main] DEBUG ache.ibatis.logging.LogFactory  - Logging initialized using 'class org.apache.ibatis.logging.log4j.Log4jImpl' adapter.
2018-08-09 12:06:18,101 102    [           main] DEBUG source.pooled.PooledDataSource  - PooledDataSource forcefully closed/removed all connections.
2018-08-09 12:06:18,101 102    [           main] DEBUG source.pooled.PooledDataSource  - PooledDataSource forcefully closed/removed all connections.
2018-08-09 12:06:18,102 103    [           main] DEBUG source.pooled.PooledDataSource  - PooledDataSource forcefully closed/removed all connections.
2018-08-09 12:06:18,102 103    [           main] DEBUG source.pooled.PooledDataSource  - PooledDataSource forcefully closed/removed all connections.
2018-08-09 12:06:18,180 181    [           main] DEBUG ansaction.jdbc.JdbcTransaction  - Opening JDBC Connection
2018-08-09 12:06:18,404 405    [           main] DEBUG source.pooled.PooledDataSource  - Created connection 1924949331.
2018-08-09 12:06:18,404 405    [           main] DEBUG ansaction.jdbc.JdbcTransaction  - Setting autocommit to false on JDBC Connection [com.mysql.jdbc.JDBC4Connection@72bc6553]
2018-08-09 12:06:18,407 408    [           main] DEBUG    com.mikro.dao.UserDao.total  - ==>  Preparing: select count(*) from user where username LIKE ? 
2018-08-09 12:06:18,449 450    [           main] DEBUG    com.mikro.dao.UserDao.total  - ==> Parameters: %王%(String)
2018-08-09 12:06:18,476 477    [           main] DEBUG    com.mikro.dao.UserDao.total  - <==      Total: 1
2018-08-09 12:06:18,478 479    [           main] DEBUG ansaction.jdbc.JdbcTransaction  - Resetting autocommit to true on JDBC Connection [com.mysql.jdbc.JDBC4Connection@72bc6553]
2018-08-09 12:06:18,478 479    [           main] DEBUG ansaction.jdbc.JdbcTransaction  - Closing JDBC Connection [com.mysql.jdbc.JDBC4Connection@72bc6553]
2018-08-09 12:06:18,478 479    [           main] DEBUG source.pooled.PooledDataSource  - Returned connection 1924949331 to pool.
2018-08-09 12:39:03,631 0      [           main] DEBUG ache.ibatis.logging.LogFactory  - Logging initialized using 'class org.apache.ibatis.logging.log4j.Log4jImpl' adapter.
2018-08-09 12:39:03,760 129    [           main] DEBUG source.pooled.PooledDataSource  - PooledDataSource forcefully closed/removed all connections.
2018-08-09 12:39:03,761 130    [           main] DEBUG source.pooled.PooledDataSource  - PooledDataSource forcefully closed/removed all connections.
2018-08-09 12:39:03,761 130    [           main] DEBUG source.pooled.PooledDataSource  - PooledDataSource forcefully closed/removed all connections.
2018-08-09 12:39:03,761 130    [           main] DEBUG source.pooled.PooledDataSource  - PooledDataSource forcefully closed/removed all connections.
2018-08-09 12:39:03,848 217    [           main] DEBUG ansaction.jdbc.JdbcTransaction  - Opening JDBC Connection
2018-08-09 12:39:04,084 453    [           main] DEBUG source.pooled.PooledDataSource  - Created connection 810267739.
2018-08-09 12:39:04,085 454    [           main] DEBUG ansaction.jdbc.JdbcTransaction  - Setting autocommit to false on JDBC Connection [com.mysql.jdbc.JDBC4Connection@304bb45b]
2018-08-09 12:39:04,088 457    [           main] DEBUG   com.mikro.dao.UserDao.delete  - ==>  Preparing: DELETE FROM user where username=? 
2018-08-09 12:39:04,133 502    [           main] DEBUG   com.mikro.dao.UserDao.delete  - ==> Parameters: 传智播客(String)
2018-08-09 12:39:04,135 504    [           main] DEBUG   com.mikro.dao.UserDao.delete  - <==    Updates: 1
2018-08-09 12:39:04,136 505    [           main] DEBUG ansaction.jdbc.JdbcTransaction  - Committing JDBC Connection [com.mysql.jdbc.JDBC4Connection@304bb45b]
2018-08-09 12:39:04,140 509    [           main] DEBUG ansaction.jdbc.JdbcTransaction  - Resetting autocommit to true on JDBC Connection [com.mysql.jdbc.JDBC4Connection@304bb45b]
2018-08-09 12:39:04,140 509    [           main] DEBUG ansaction.jdbc.JdbcTransaction  - Closing JDBC Connection [com.mysql.jdbc.JDBC4Connection@304bb45b]
2018-08-09 12:39:04,141 510    [           main] DEBUG source.pooled.PooledDataSource  - Returned connection 810267739 to pool.
2018-08-09 12:42:44,552 0      [           main] DEBUG ache.ibatis.logging.LogFactory  - Logging initialized using 'class org.apache.ibatis.logging.log4j.Log4jImpl' adapter.
2018-08-09 12:42:44,683 131    [           main] DEBUG source.pooled.PooledDataSource  - PooledDataSource forcefully closed/removed all connections.
2018-08-09 12:42:44,683 131    [           main] DEBUG source.pooled.PooledDataSource  - PooledDataSource forcefully closed/removed all connections.
2018-08-09 12:42:44,683 131    [           main] DEBUG source.pooled.PooledDataSource  - PooledDataSource forcefully closed/removed all connections.
2018-08-09 12:42:44,683 131    [           main] DEBUG source.pooled.PooledDataSource  - PooledDataSource forcefully closed/removed all connections.
2018-08-09 12:42:44,759 207    [           main] DEBUG ansaction.jdbc.JdbcTransaction  - Opening JDBC Connection
2018-08-09 12:42:45,000 448    [           main] DEBUG source.pooled.PooledDataSource  - Created connection 810267739.
2018-08-09 12:42:45,001 449    [           main] DEBUG ansaction.jdbc.JdbcTransaction  - Setting autocommit to false on JDBC Connection [com.mysql.jdbc.JDBC4Connection@304bb45b]
2018-08-09 12:42:45,003 451    [           main] DEBUG   com.mikro.dao.UserDao.delete  - ==>  Preparing: DELETE FROM user where username=? 
2018-08-09 12:42:45,061 509    [           main] DEBUG   com.mikro.dao.UserDao.delete  - ==> Parameters: 老王(String)
2018-08-09 12:42:45,062 510    [           main] DEBUG   com.mikro.dao.UserDao.delete  - <==    Updates: 2
2018-08-09 12:42:45,062 510    [           main] DEBUG ansaction.jdbc.JdbcTransaction  - Committing JDBC Connection [com.mysql.jdbc.JDBC4Connection@304bb45b]
2018-08-09 12:42:45,068 516    [           main] DEBUG ansaction.jdbc.JdbcTransaction  - Resetting autocommit to true on JDBC Connection [com.mysql.jdbc.JDBC4Connection@304bb45b]
2018-08-09 12:42:45,068 516    [           main] DEBUG ansaction.jdbc.JdbcTransaction  - Closing JDBC Connection [com.mysql.jdbc.JDBC4Connection@304bb45b]
2018-08-09 12:42:45,069 517    [           main] DEBUG source.pooled.PooledDataSource  - Returned connection 810267739 to pool.
2018-08-09 12:50:32,115 0      [           main] DEBUG ache.ibatis.logging.LogFactory  - Logging initialized using 'class org.apache.ibatis.logging.log4j.Log4jImpl' adapter.
2018-08-09 12:50:32,242 127    [           main] DEBUG source.pooled.PooledDataSource  - PooledDataSource forcefully closed/removed all connections.
2018-08-09 12:50:32,243 128    [           main] DEBUG source.pooled.PooledDataSource  - PooledDataSource forcefully closed/removed all connections.
2018-08-09 12:50:32,243 128    [           main] DEBUG source.pooled.PooledDataSource  - PooledDataSource forcefully closed/removed all connections.
2018-08-09 12:50:32,243 128    [           main] DEBUG source.pooled.PooledDataSource  - PooledDataSource forcefully closed/removed all connections.
2018-08-09 12:50:32,321 206    [           main] DEBUG ansaction.jdbc.JdbcTransaction  - Opening JDBC Connection
2018-08-09 12:50:32,564 449    [           main] DEBUG source.pooled.PooledDataSource  - Created connection 685558284.
2018-08-09 12:50:32,565 450    [           main] DEBUG ansaction.jdbc.JdbcTransaction  - Setting autocommit to false on JDBC Connection [com.mysql.jdbc.JDBC4Connection@28dcca0c]
2018-08-09 12:50:32,567 452    [           main] DEBUG     com.mikro.dao.UserDao.save  - ==>  Preparing: -- keyProperty(id属性名称 对应列) keyColumn(id列名 对应表 ) insert into user(username,birthday,sex,address)values(?,?,?,?); 
2018-08-09 12:50:32,632 517    [           main] DEBUG     com.mikro.dao.UserDao.save  - ==> Parameters: 王二(String), 2018-08-09 12:50:32.313(Timestamp), 男(String), 北京(String)
2018-08-09 12:50:32,633 518    [           main] DEBUG     com.mikro.dao.UserDao.save  - <==    Updates: 1
2018-08-09 12:50:32,636 521    [           main] DEBUG kro.dao.UserDao.save!selectKey  - ==>  Preparing: select last_insert_id(); 
2018-08-09 12:50:32,636 521    [           main] DEBUG kro.dao.UserDao.save!selectKey  - ==> Parameters: 
2018-08-09 12:50:32,662 547    [           main] DEBUG kro.dao.UserDao.save!selectKey  - <==      Total: 1
2018-08-09 12:50:32,663 548    [           main] DEBUG ansaction.jdbc.JdbcTransaction  - Committing JDBC Connection [com.mysql.jdbc.JDBC4Connection@28dcca0c]
2018-08-09 12:50:32,667 552    [           main] DEBUG ansaction.jdbc.JdbcTransaction  - Resetting autocommit to true on JDBC Connection [com.mysql.jdbc.JDBC4Connection@28dcca0c]
2018-08-09 12:50:32,667 552    [           main] DEBUG ansaction.jdbc.JdbcTransaction  - Closing JDBC Connection [com.mysql.jdbc.JDBC4Connection@28dcca0c]
2018-08-09 12:50:32,667 552    [           main] DEBUG source.pooled.PooledDataSource  - Returned connection 685558284 to pool.
2018-08-09 12:51:34,508 0      [           main] DEBUG ache.ibatis.logging.LogFactory  - Logging initialized using 'class org.apache.ibatis.logging.log4j.Log4jImpl' adapter.
2018-08-09 12:51:34,623 115    [           main] DEBUG source.pooled.PooledDataSource  - PooledDataSource forcefully closed/removed all connections.
2018-08-09 12:51:34,623 115    [           main] DEBUG source.pooled.PooledDataSource  - PooledDataSource forcefully closed/removed all connections.
2018-08-09 12:51:34,624 116    [           main] DEBUG source.pooled.PooledDataSource  - PooledDataSource forcefully closed/removed all connections.
2018-08-09 12:51:34,624 116    [           main] DEBUG source.pooled.PooledDataSource  - PooledDataSource forcefully closed/removed all connections.
2018-08-09 12:51:34,709 201    [           main] DEBUG ansaction.jdbc.JdbcTransaction  - Opening JDBC Connection
2018-08-09 12:51:34,964 456    [           main] DEBUG source.pooled.PooledDataSource  - Created connection 1272883899.
2018-08-09 12:51:34,964 456    [           main] DEBUG ansaction.jdbc.JdbcTransaction  - Setting autocommit to false on JDBC Connection [com.mysql.jdbc.JDBC4Connection@4bdeaabb]
2018-08-09 12:51:34,967 459    [           main] DEBUG     com.mikro.dao.UserDao.save  - ==>  Preparing: -- keyProperty(id属性名称 对应列) keyColumn(id列名 对应表 ) insert into user(username,birthday,sex,address)values(?,?,?,?); 
2018-08-09 12:51:35,037 529    [           main] DEBUG     com.mikro.dao.UserDao.save  - ==> Parameters: 王二(String), 2018-08-09 12:51:34.694(Timestamp), 男(String), 北京(String)
2018-08-09 12:51:35,039 531    [           main] DEBUG     com.mikro.dao.UserDao.save  - <==    Updates: 1
2018-08-09 12:51:35,041 533    [           main] DEBUG kro.dao.UserDao.save!selectKey  - ==>  Preparing: select last_insert_id(); 
2018-08-09 12:51:35,041 533    [           main] DEBUG kro.dao.UserDao.save!selectKey  - ==> Parameters: 
2018-08-09 12:51:35,063 555    [           main] DEBUG kro.dao.UserDao.save!selectKey  - <==      Total: 1
2018-08-09 12:51:35,065 557    [           main] DEBUG ansaction.jdbc.JdbcTransaction  - Committing JDBC Connection [com.mysql.jdbc.JDBC4Connection@4bdeaabb]
2018-08-09 12:51:35,067 559    [           main] DEBUG ansaction.jdbc.JdbcTransaction  - Resetting autocommit to true on JDBC Connection [com.mysql.jdbc.JDBC4Connection@4bdeaabb]
2018-08-09 12:51:35,068 560    [           main] DEBUG ansaction.jdbc.JdbcTransaction  - Closing JDBC Connection [com.mysql.jdbc.JDBC4Connection@4bdeaabb]
2018-08-09 12:51:35,068 560    [           main] DEBUG source.pooled.PooledDataSource  - Returned connection 1272883899 to pool.
2018-08-09 15:57:37,316 0      [           main] DEBUG ache.ibatis.logging.LogFactory  - Logging initialized using 'class org.apache.ibatis.logging.log4j.Log4jImpl' adapter.
2018-08-09 15:57:37,439 123    [           main] DEBUG source.pooled.PooledDataSource  - PooledDataSource forcefully closed/removed all connections.
2018-08-09 15:57:37,439 123    [           main] DEBUG source.pooled.PooledDataSource  - PooledDataSource forcefully closed/removed all connections.
2018-08-09 15:57:37,439 123    [           main] DEBUG source.pooled.PooledDataSource  - PooledDataSource forcefully closed/removed all connections.
2018-08-09 15:57:37,439 123    [           main] DEBUG source.pooled.PooledDataSource  - PooledDataSource forcefully closed/removed all connections.
2018-08-09 15:58:33,075 0      [           main] DEBUG ache.ibatis.logging.LogFactory  - Logging initialized using 'class org.apache.ibatis.logging.log4j.Log4jImpl' adapter.
2018-08-09 15:58:33,191 116    [           main] DEBUG source.pooled.PooledDataSource  - PooledDataSource forcefully closed/removed all connections.
2018-08-09 15:58:33,191 116    [           main] DEBUG source.pooled.PooledDataSource  - PooledDataSource forcefully closed/removed all connections.
2018-08-09 15:58:33,191 116    [           main] DEBUG source.pooled.PooledDataSource  - PooledDataSource forcefully closed/removed all connections.
2018-08-09 15:58:33,192 117    [           main] DEBUG source.pooled.PooledDataSource  - PooledDataSource forcefully closed/removed all connections.
2018-08-09 16:02:59,017 0      [           main] DEBUG ache.ibatis.logging.LogFactory  - Logging initialized using 'class org.apache.ibatis.logging.log4j.Log4jImpl' adapter.
2018-08-09 16:02:59,136 119    [           main] DEBUG source.pooled.PooledDataSource  - PooledDataSource forcefully closed/removed all connections.
2018-08-09 16:02:59,136 119    [           main] DEBUG source.pooled.PooledDataSource  - PooledDataSource forcefully closed/removed all connections.
2018-08-09 16:02:59,136 119    [           main] DEBUG source.pooled.PooledDataSource  - PooledDataSource forcefully closed/removed all connections.
2018-08-09 16:02:59,136 119    [           main] DEBUG source.pooled.PooledDataSource  - PooledDataSource forcefully closed/removed all connections.
2018-08-09 16:04:16,628 0      [           main] DEBUG ache.ibatis.logging.LogFactory  - Logging initialized using 'class org.apache.ibatis.logging.log4j.Log4jImpl' adapter.
2018-08-09 16:04:16,755 127    [           main] DEBUG source.pooled.PooledDataSource  - PooledDataSource forcefully closed/removed all connections.
2018-08-09 16:04:16,755 127    [           main] DEBUG source.pooled.PooledDataSource  - PooledDataSource forcefully closed/removed all connections.
2018-08-09 16:04:16,755 127    [           main] DEBUG source.pooled.PooledDataSource  - PooledDataSource forcefully closed/removed all connections.
2018-08-09 16:04:16,756 128    [           main] DEBUG source.pooled.PooledDataSource  - PooledDataSource forcefully closed/removed all connections.
2018-08-09 16:04:39,165 0      [           main] DEBUG ache.ibatis.logging.LogFactory  - Logging initialized using 'class org.apache.ibatis.logging.log4j.Log4jImpl' adapter.
2018-08-09 16:04:39,275 110    [           main] DEBUG source.pooled.PooledDataSource  - PooledDataSource forcefully closed/removed all connections.
2018-08-09 16:04:39,276 111    [           main] DEBUG source.pooled.PooledDataSource  - PooledDataSource forcefully closed/removed all connections.
2018-08-09 16:04:39,276 111    [           main] DEBUG source.pooled.PooledDataSource  - PooledDataSource forcefully closed/removed all connections.
2018-08-09 16:04:39,276 111    [           main] DEBUG source.pooled.PooledDataSource  - PooledDataSource forcefully closed/removed all connections.
2018-08-09 16:08:48,981 0      [           main] DEBUG ache.ibatis.logging.LogFactory  - Logging initialized using 'class org.apache.ibatis.logging.log4j.Log4jImpl' adapter.
2018-08-09 16:08:49,112 131    [           main] DEBUG source.pooled.PooledDataSource  - PooledDataSource forcefully closed/removed all connections.
2018-08-09 16:08:49,112 131    [           main] DEBUG source.pooled.PooledDataSource  - PooledDataSource forcefully closed/removed all connections.
2018-08-09 16:08:49,112 131    [           main] DEBUG source.pooled.PooledDataSource  - PooledDataSource forcefully closed/removed all connections.
2018-08-09 16:08:49,112 131    [           main] DEBUG source.pooled.PooledDataSource  - PooledDataSource forcefully closed/removed all connections.
2018-08-09 16:08:49,147 166    [           main] DEBUG ansaction.jdbc.JdbcTransaction  - Opening JDBC Connection
2018-08-09 16:08:49,388 407    [           main] DEBUG source.pooled.PooledDataSource  - Created connection 634297796.
2018-08-09 16:08:49,389 408    [           main] DEBUG ansaction.jdbc.JdbcTransaction  - Setting autocommit to false on JDBC Connection [com.mysql.jdbc.JDBC4Connection@25ce9dc4]
2018-08-09 16:08:49,392 411    [           main] DEBUG  com.mikro.dao.UserDao.findAll  - ==>  Preparing: selece * from user 
2018-08-09 16:08:49,436 455    [           main] DEBUG  com.mikro.dao.UserDao.findAll  - ==> Parameters: 
2018-08-09 16:08:49,439 458    [           main] DEBUG ansaction.jdbc.JdbcTransaction  - Resetting autocommit to true on JDBC Connection [com.mysql.jdbc.JDBC4Connection@25ce9dc4]
2018-08-09 16:08:49,440 459    [           main] DEBUG ansaction.jdbc.JdbcTransaction  - Closing JDBC Connection [com.mysql.jdbc.JDBC4Connection@25ce9dc4]
2018-08-09 16:08:49,440 459    [           main] DEBUG source.pooled.PooledDataSource  - Returned connection 634297796 to pool.
2018-08-09 16:10:51,956 0      [           main] DEBUG ache.ibatis.logging.LogFactory  - Logging initialized using 'class org.apache.ibatis.logging.log4j.Log4jImpl' adapter.
2018-08-09 16:10:52,087 131    [           main] DEBUG source.pooled.PooledDataSource  - PooledDataSource forcefully closed/removed all connections.
2018-08-09 16:10:52,088 132    [           main] DEBUG source.pooled.PooledDataSource  - PooledDataSource forcefully closed/removed all connections.
2018-08-09 16:10:52,088 132    [           main] DEBUG source.pooled.PooledDataSource  - PooledDataSource forcefully closed/removed all connections.
2018-08-09 16:10:52,088 132    [           main] DEBUG source.pooled.PooledDataSource  - PooledDataSource forcefully closed/removed all connections.
2018-08-09 16:10:52,131 175    [           main] DEBUG ansaction.jdbc.JdbcTransaction  - Opening JDBC Connection
2018-08-09 16:10:52,384 428    [           main] DEBUG source.pooled.PooledDataSource  - Created connection 634297796.
2018-08-09 16:10:52,385 429    [           main] DEBUG ansaction.jdbc.JdbcTransaction  - Setting autocommit to false on JDBC Connection [com.mysql.jdbc.JDBC4Connection@25ce9dc4]
2018-08-09 16:10:52,386 430    [           main] DEBUG  com.mikro.dao.UserDao.findAll  - ==>  Preparing: select * from user 
2018-08-09 16:10:52,435 479    [           main] DEBUG  com.mikro.dao.UserDao.findAll  - ==> Parameters: 
2018-08-09 16:10:52,476 520    [           main] DEBUG  com.mikro.dao.UserDao.findAll  - <==      Total: 5
2018-08-09 16:10:52,483 527    [           main] DEBUG ansaction.jdbc.JdbcTransaction  - Resetting autocommit to true on JDBC Connection [com.mysql.jdbc.JDBC4Connection@25ce9dc4]
2018-08-09 16:10:52,484 528    [           main] DEBUG ansaction.jdbc.JdbcTransaction  - Closing JDBC Connection [com.mysql.jdbc.JDBC4Connection@25ce9dc4]
2018-08-09 16:10:52,484 528    [           main] DEBUG source.pooled.PooledDataSource  - Returned connection 634297796 to pool.
2018-08-09 16:12:18,941 0      [           main] DEBUG ache.ibatis.logging.LogFactory  - Logging initialized using 'class org.apache.ibatis.logging.log4j.Log4jImpl' adapter.
2018-08-09 16:12:19,075 134    [           main] DEBUG source.pooled.PooledDataSource  - PooledDataSource forcefully closed/removed all connections.
2018-08-09 16:12:19,075 134    [           main] DEBUG source.pooled.PooledDataSource  - PooledDataSource forcefully closed/removed all connections.
2018-08-09 16:12:19,075 134    [           main] DEBUG source.pooled.PooledDataSource  - PooledDataSource forcefully closed/removed all connections.
2018-08-09 16:12:19,075 134    [           main] DEBUG source.pooled.PooledDataSource  - PooledDataSource forcefully closed/removed all connections.
2018-08-09 16:13:17,477 0      [           main] DEBUG ache.ibatis.logging.LogFactory  - Logging initialized using 'class org.apache.ibatis.logging.log4j.Log4jImpl' adapter.
2018-08-09 16:13:17,613 136    [           main] DEBUG source.pooled.PooledDataSource  - PooledDataSource forcefully closed/removed all connections.
2018-08-09 16:13:17,613 136    [           main] DEBUG source.pooled.PooledDataSource  - PooledDataSource forcefully closed/removed all connections.
2018-08-09 16:13:17,614 137    [           main] DEBUG source.pooled.PooledDataSource  - PooledDataSource forcefully closed/removed all connections.
2018-08-09 16:13:17,614 137    [           main] DEBUG source.pooled.PooledDataSource  - PooledDataSource forcefully closed/removed all connections.
2018-08-09 16:13:17,654 177    [           main] DEBUG ansaction.jdbc.JdbcTransaction  - Opening JDBC Connection
2018-08-09 16:13:17,925 448    [           main] DEBUG source.pooled.PooledDataSource  - Created connection 634297796.
2018-08-09 16:13:17,925 448    [           main] DEBUG ansaction.jdbc.JdbcTransaction  - Setting autocommit to false on JDBC Connection [com.mysql.jdbc.JDBC4Connection@25ce9dc4]
2018-08-09 16:13:17,928 451    [           main] DEBUG  com.mikro.dao.UserDao.findAll  - ==>  Preparing: select * from user 
2018-08-09 16:13:17,981 504    [           main] DEBUG  com.mikro.dao.UserDao.findAll  - ==> Parameters: 
2018-08-09 16:13:18,019 542    [           main] DEBUG  com.mikro.dao.UserDao.findAll  - <==      Total: 5
2018-08-09 16:13:18,026 549    [           main] DEBUG ansaction.jdbc.JdbcTransaction  - Resetting autocommit to true on JDBC Connection [com.mysql.jdbc.JDBC4Connection@25ce9dc4]
2018-08-09 16:13:18,026 549    [           main] DEBUG ansaction.jdbc.JdbcTransaction  - Closing JDBC Connection [com.mysql.jdbc.JDBC4Connection@25ce9dc4]
2018-08-09 16:13:18,026 549    [           main] DEBUG source.pooled.PooledDataSource  - Returned connection 634297796 to pool.
2018-08-09 16:14:55,977 0      [           main] DEBUG ache.ibatis.logging.LogFactory  - Logging initialized using 'class org.apache.ibatis.logging.log4j.Log4jImpl' adapter.
2018-08-09 16:14:56,102 125    [           main] DEBUG source.pooled.PooledDataSource  - PooledDataSource forcefully closed/removed all connections.
2018-08-09 16:14:56,102 125    [           main] DEBUG source.pooled.PooledDataSource  - PooledDataSource forcefully closed/removed all connections.
2018-08-09 16:14:56,102 125    [           main] DEBUG source.pooled.PooledDataSource  - PooledDataSource forcefully closed/removed all connections.
2018-08-09 16:14:56,102 125    [           main] DEBUG source.pooled.PooledDataSource  - PooledDataSource forcefully closed/removed all connections.
2018-08-09 16:14:56,189 212    [           main] DEBUG ansaction.jdbc.JdbcTransaction  - Opening JDBC Connection
2018-08-09 16:14:56,453 476    [           main] DEBUG source.pooled.PooledDataSource  - Created connection 2106592975.
2018-08-09 16:14:56,453 476    [           main] DEBUG ansaction.jdbc.JdbcTransaction  - Setting autocommit to false on JDBC Connection [com.mysql.jdbc.JDBC4Connection@7d900ecf]
2018-08-09 16:14:56,456 479    [           main] DEBUG  com.mikro.dao.UserDao.findAll  - ==>  Preparing: -- sql语句 SELECT * from user; 
2018-08-09 16:14:56,499 522    [           main] DEBUG  com.mikro.dao.UserDao.findAll  - ==> Parameters: 
2018-08-09 16:14:56,533 556    [           main] DEBUG  com.mikro.dao.UserDao.findAll  - <==      Total: 5
2018-08-09 16:14:56,539 562    [           main] DEBUG ansaction.jdbc.JdbcTransaction  - Resetting autocommit to true on JDBC Connection [com.mysql.jdbc.JDBC4Connection@7d900ecf]
2018-08-09 16:14:56,540 563    [           main] DEBUG ansaction.jdbc.JdbcTransaction  - Closing JDBC Connection [com.mysql.jdbc.JDBC4Connection@7d900ecf]
2018-08-09 16:14:56,540 563    [           main] DEBUG source.pooled.PooledDataSource  - Returned connection 2106592975 to pool.
2018-08-09 17:58:42,911 0      [           main] DEBUG ache.ibatis.logging.LogFactory  - Logging initialized using 'class org.apache.ibatis.logging.log4j.Log4jImpl' adapter.
2018-08-09 17:58:43,030 119    [           main] DEBUG source.pooled.PooledDataSource  - PooledDataSource forcefully closed/removed all connections.
2018-08-09 17:58:43,030 119    [           main] DEBUG source.pooled.PooledDataSource  - PooledDataSource forcefully closed/removed all connections.
2018-08-09 17:58:43,030 119    [           main] DEBUG source.pooled.PooledDataSource  - PooledDataSource forcefully closed/removed all connections.
2018-08-09 17:58:43,030 119    [           main] DEBUG source.pooled.PooledDataSource  - PooledDataSource forcefully closed/removed all connections.
2018-08-09 17:58:43,138 227    [           main] DEBUG ansaction.jdbc.JdbcTransaction  - Opening JDBC Connection
2018-08-09 17:58:43,416 505    [           main] DEBUG source.pooled.PooledDataSource  - Created connection 2106592975.
2018-08-09 17:58:43,417 506    [           main] DEBUG ansaction.jdbc.JdbcTransaction  - Setting autocommit to false on JDBC Connection [com.mysql.jdbc.JDBC4Connection@7d900ecf]
2018-08-09 17:58:43,420 509    [           main] DEBUG  com.mikro.dao.UserDao.findAll  - ==>  Preparing: -- sql语句 SELECT * from user; 
2018-08-09 17:58:43,465 554    [           main] DEBUG  com.mikro.dao.UserDao.findAll  - ==> Parameters: 
2018-08-09 17:58:43,500 589    [           main] DEBUG  com.mikro.dao.UserDao.findAll  - <==      Total: 5
2018-08-09 17:58:43,506 595    [           main] DEBUG ansaction.jdbc.JdbcTransaction  - Resetting autocommit to true on JDBC Connection [com.mysql.jdbc.JDBC4Connection@7d900ecf]
2018-08-09 17:58:43,506 595    [           main] DEBUG ansaction.jdbc.JdbcTransaction  - Closing JDBC Connection [com.mysql.jdbc.JDBC4Connection@7d900ecf]
2018-08-09 17:58:43,506 595    [           main] DEBUG source.pooled.PooledDataSource  - Returned connection 2106592975 to pool.
2018-08-09 17:59:35,970 0      [           main] DEBUG ache.ibatis.logging.LogFactory  - Logging initialized using 'class org.apache.ibatis.logging.log4j.Log4jImpl' adapter.
2018-08-09 17:59:36,106 136    [           main] DEBUG source.pooled.PooledDataSource  - PooledDataSource forcefully closed/removed all connections.
2018-08-09 17:59:36,107 137    [           main] DEBUG source.pooled.PooledDataSource  - PooledDataSource forcefully closed/removed all connections.
2018-08-09 17:59:36,107 137    [           main] DEBUG source.pooled.PooledDataSource  - PooledDataSource forcefully closed/removed all connections.
2018-08-09 17:59:36,107 137    [           main] DEBUG source.pooled.PooledDataSource  - PooledDataSource forcefully closed/removed all connections.
2018-08-09 17:59:36,183 213    [           main] DEBUG ansaction.jdbc.JdbcTransaction  - Opening JDBC Connection
2018-08-09 18:01:11,524 0      [           main] DEBUG ache.ibatis.logging.LogFactory  - Logging initialized using 'class org.apache.ibatis.logging.log4j.Log4jImpl' adapter.
2018-08-09 18:01:11,656 132    [           main] DEBUG source.pooled.PooledDataSource  - PooledDataSource forcefully closed/removed all connections.
2018-08-09 18:01:11,656 132    [           main] DEBUG source.pooled.PooledDataSource  - PooledDataSource forcefully closed/removed all connections.
2018-08-09 18:01:11,656 132    [           main] DEBUG source.pooled.PooledDataSource  - PooledDataSource forcefully closed/removed all connections.
2018-08-09 18:01:11,656 132    [           main] DEBUG source.pooled.PooledDataSource  - PooledDataSource forcefully closed/removed all connections.
2018-08-09 18:01:11,744 220    [           main] DEBUG ansaction.jdbc.JdbcTransaction  - Opening JDBC Connection
2018-08-09 18:03:20,971 0      [           main] DEBUG ache.ibatis.logging.LogFactory  - Logging initialized using 'class org.apache.ibatis.logging.log4j.Log4jImpl' adapter.
2018-08-09 18:03:21,110 139    [           main] DEBUG source.pooled.PooledDataSource  - PooledDataSource forcefully closed/removed all connections.
2018-08-09 18:03:21,111 140    [           main] DEBUG source.pooled.PooledDataSource  - PooledDataSource forcefully closed/removed all connections.
2018-08-09 18:03:21,111 140    [           main] DEBUG source.pooled.PooledDataSource  - PooledDataSource forcefully closed/removed all connections.
2018-08-09 18:03:21,111 140    [           main] DEBUG source.pooled.PooledDataSource  - PooledDataSource forcefully closed/removed all connections.
2018-08-09 18:03:21,205 234    [           main] DEBUG ansaction.jdbc.JdbcTransaction  - Opening JDBC Connection
2018-08-09 18:04:31,332 0      [           main] DEBUG ache.ibatis.logging.LogFactory  - Logging initialized using 'class org.apache.ibatis.logging.log4j.Log4jImpl' adapter.
2018-08-09 18:05:11,360 0      [           main] DEBUG ache.ibatis.logging.LogFactory  - Logging initialized using 'class org.apache.ibatis.logging.log4j.Log4jImpl' adapter.
2018-08-09 18:06:49,934 0      [           main] DEBUG ache.ibatis.logging.LogFactory  - Logging initialized using 'class org.apache.ibatis.logging.log4j.Log4jImpl' adapter.
2018-08-09 18:07:14,986 0      [           main] DEBUG ache.ibatis.logging.LogFactory  - Logging initialized using 'class org.apache.ibatis.logging.log4j.Log4jImpl' adapter.
2018-08-09 18:07:15,129 143    [           main] DEBUG source.pooled.PooledDataSource  - PooledDataSource forcefully closed/removed all connections.
2018-08-09 18:07:15,130 144    [           main] DEBUG source.pooled.PooledDataSource  - PooledDataSource forcefully closed/removed all connections.
2018-08-09 18:07:15,130 144    [           main] DEBUG source.pooled.PooledDataSource  - PooledDataSource forcefully closed/removed all connections.
2018-08-09 18:07:15,130 144    [           main] DEBUG source.pooled.PooledDataSource  - PooledDataSource forcefully closed/removed all connections.
2018-08-09 18:07:15,225 239    [           main] DEBUG ansaction.jdbc.JdbcTransaction  - Opening JDBC Connection
2018-08-09 18:07:15,476 490    [           main] DEBUG source.pooled.PooledDataSource  - Created connection 2106592975.
2018-08-09 18:07:15,477 491    [           main] DEBUG ansaction.jdbc.JdbcTransaction  - Setting autocommit to false on JDBC Connection [com.mysql.jdbc.JDBC4Connection@7d900ecf]
2018-08-09 18:07:15,480 494    [           main] DEBUG  com.mikro.dao.UserDao.findAll  - ==>  Preparing: -- sql语句 SELECT * from user; 
2018-08-09 18:07:15,523 537    [           main] DEBUG  com.mikro.dao.UserDao.findAll  - ==> Parameters: 
2018-08-09 18:07:15,561 575    [           main] DEBUG  com.mikro.dao.UserDao.findAll  - <==      Total: 5
2018-08-09 18:07:15,568 582    [           main] DEBUG ansaction.jdbc.JdbcTransaction  - Resetting autocommit to true on JDBC Connection [com.mysql.jdbc.JDBC4Connection@7d900ecf]
2018-08-09 18:07:15,569 583    [           main] DEBUG ansaction.jdbc.JdbcTransaction  - Closing JDBC Connection [com.mysql.jdbc.JDBC4Connection@7d900ecf]
2018-08-09 18:07:15,569 583    [           main] DEBUG source.pooled.PooledDataSource  - Returned connection 2106592975 to pool.
